<?xml version="1.0" encoding="UTF-8"?>
<!-- Generated by org.testng.reporters.JUnitReportReporter -->
<testsuite skipped="0" hostname="DESKTOP-928QORT" name="org.testng.TestTwo" tests="3" failures="0" timestamp="30 Apr 2023 09:13:58 GMT" time="0.010" errors="0">
  <testcase name="tc1" time="0.000" classname="org.testng.TestTwo"/>
  <testcase name="tc2" time="0.000" classname="org.testng.TestTwo"/>
  <testcase name="tc3" time="0.010" classname="org.testng.TestTwo"/>
</testsuite> <!-- org.testng.TestTwo -->
