<?xml version="1.0" encoding="UTF-8"?>
<!-- Generated by org.testng.reporters.JUnitReportReporter -->
<testsuite skipped="1" hostname="DESKTOP-928QORT" name="og.testng.TestNgClass" tests="10" failures="0" timestamp="29 Mar 2023 15:09:25 GMT" time="0.044" errors="0">
  <testcase name="tc4" time="0.017" classname="og.testng.TestNgClass"/>
  <testcase name="tc5" time="0.002" classname="og.testng.TestNgClass"/>
  <testcase name="tc3" time="0.006" classname="og.testng.TestNgClass"/>
  <testcase name="tc3" time="0.010" classname="og.testng.TestNgClass"/>
  <testcase name="tc3" time="0.001" classname="og.testng.TestNgClass"/>
  <testcase name="tc3" time="0.002" classname="og.testng.TestNgClass"/>
  <testcase name="tc3" time="0.003" classname="og.testng.TestNgClass"/>
  <testcase name="tc6" time="0.001" classname="og.testng.TestNgClass"/>
  <testcase name="tc2" time="0.002" classname="og.testng.TestNgClass"/>
  <testcase name="tc1" classname="og.testng.TestNgClass">
    <skipped/>
  </testcase> <!-- tc1 -->
</testsuite> <!-- og.testng.TestNgClass -->
