<?xml version="1.0" encoding="UTF-8"?>
<!-- Generated by org.testng.reporters.JUnitReportReporter -->
<testsuite skipped="0" hostname="Ramya-R" name="org.testng.ClassTestng" tests="2" failures="0" timestamp="05 Jun 2023 09:36:24 GMT" time="19.013" errors="0">
  <testcase name="firstMethod" time="10.914" classname="org.testng.ClassTestng"/>
  <testcase name="thirdMethod" time="8.099" classname="org.testng.ClassTestng"/>
</testsuite> <!-- org.testng.ClassTestng -->
